2022.02.28 17:11:24 INFO  tracing is disabled for protocol LSP, to enable tracing of incoming and outgoing JSON messages create an empty file at /Users/kostas/Library/CloudStorage/OneDrive-Personal/Scala/democracy/.metals/lsp.trace.json or /Users/kostas/Library/Caches/org.scalameta.metals/lsp.trace.json
2022.02.28 17:11:24 INFO  logging to file /Users/kostas/Library/CloudStorage/OneDrive-Personal/Scala/democracy/.metals/metals.log
2022.02.28 17:11:24 INFO  Started: Metals version 0.11.1 in workspace '/Users/kostas/Library/CloudStorage/OneDrive-Personal/Scala/democracy' for client Visual Studio Code 1.64.2.
2022.02.28 17:11:24 INFO  Parse release: 1.8.0_292
2022.02.28 17:11:26 INFO  time: initialize in 1.45s
2022.02.28 17:11:26 WARN  Build server is not auto-connectable.
2022.02.28 17:11:48 INFO  running '/Users/kostas/Library/Caches/Coursier/arc/https/github.com/AdoptOpenJDK/openjdk8-binaries/releases/download/jdk8u292-b10/OpenJDK8U-jdk_x64_mac_hotspot_8u292b10.tar.gz/jdk8u292-b10/Contents/Home/bin/java -Djline.terminal=jline.UnsupportedTerminal -Dsbt.log.noformat=true -Dfile.encoding=UTF-8 -jar /var/folders/3k/zp1jhn5x4t7cx84fblxgbdvc0000gn/T/metals27941739561347413/sbt-launch.jar -Dbloop.export-jar-classifiers=sources bloopInstall'
2022.02.28 17:11:48 WARN  no build target for: /Users/kostas/Library/CloudStorage/OneDrive-Personal/Scala/democracy/project/metals.sbt
2022.02.28 17:11:48 WARN  no build target for: /Users/kostas/Library/CloudStorage/OneDrive-Personal/Scala/democracy/project/project/metals.sbt
2022.02.28 17:11:49 ERROR [info] [launcher] getting org.scala-sbt sbt 1.5.0  (this may take some time)...
2022.02.28 17:11:49 INFO  skipping build import with status 'Started'
2022.02.28 17:11:48 WARN  no build target for: /Users/kostas/Library/CloudStorage/OneDrive-Personal/Scala/democracy/project/metals.sbt
2022.02.28 17:11:48 WARN  no build target for: /Users/kostas/Library/CloudStorage/OneDrive-Personal/Scala/democracy/project/project/metals.sbt
2022.02.28 17:11:48 WARN  no build target for: /Users/kostas/Library/CloudStorage/OneDrive-Personal/Scala/democracy/project/project/metals.sbt
2022.02.28 17:11:49 INFO  skipping build import with status 'Started'
2022.02.28 17:11:53 INFO  no build target found for /Users/kostas/Library/CloudStorage/OneDrive-Personal/Scala/democracy/project/metals.sbt. Using presentation compiler with project's scala-library version: 3.1.0
2022.02.28 17:11:56 ERROR downloading https://repo1.maven.org/maven2/org/scala-sbt/run_2.12/1.5.0/run_2.12-1.5.0.jar ...
2022.02.28 17:11:56 ERROR downloading https://repo1.maven.org/maven2/org/scala-sbt/logic_2.12/1.5.0/logic_2.12-1.5.0.jar ...
2022.02.28 17:11:56 ERROR downloading https://repo1.maven.org/maven2/org/scala-sbt/main-settings_2.12/1.5.0/main-settings_2.12-1.5.0.jar ...
2022.02.28 17:11:56 ERROR downloading https://repo1.maven.org/maven2/org/scala-sbt/actions_2.12/1.5.0/actions_2.12-1.5.0.jar ...
2022.02.28 17:11:56 ERROR downloading https://repo1.maven.org/maven2/org/scala-sbt/sbt/1.5.0/sbt-1.5.0.jar ...
2022.02.28 17:11:56 ERROR downloading https://repo1.maven.org/maven2/org/scala-sbt/main_2.12/1.5.0/main_2.12-1.5.0.jar ...
2022.02.28 17:11:56 ERROR :: loading settings :: url = jar:file:/private/var/folders/3k/zp1jhn5x4t7cx84fblxgbdvc0000gn/T/metals27941739561347413/sbt-launch.jar!/org/apache/ivy/core/settings/ivysettings.xml
2022.02.28 17:11:56 ERROR :: loading settings :: url = jar:file:/private/var/folders/3k/zp1jhn5x4t7cx84fblxgbdvc0000gn/T/metals27941739561347413/sbt-launch.jar!/org/apache/ivy/core/settings/ivysettings.xml
2022.02.28 17:11:56 ERROR :: loading settings :: url = jar:file:/private/var/folders/3k/zp1jhn5x4t7cx84fblxgbdvc0000gn/T/metals27941739561347413/sbt-launch.jar!/org/apache/ivy/core/settings/ivysettings.xml
2022.02.28 17:11:56 ERROR :: loading settings :: url = jar:file:/private/var/folders/3k/zp1jhn5x4t7cx84fblxgbdvc0000gn/T/metals27941739561347413/sbt-launch.jar!/org/apache/ivy/core/settings/ivysettings.xml
2022.02.28 17:11:56 ERROR :: loading settings :: url = jar:file:/private/var/folders/3k/zp1jhn5x4t7cx84fblxgbdvc0000gn/T/metals27941739561347413/sbt-launch.jar!/org/apache/ivy/core/settings/ivysettings.xml
2022.02.28 17:11:56 ERROR :: loading settings :: url = jar:file:/private/var/folders/3k/zp1jhn5x4t7cx84fblxgbdvc0000gn/T/metals27941739561347413/sbt-launch.jar!/org/apache/ivy/core/settings/ivysettings.xml
2022.02.28 17:11:56 ERROR :: loading settings :: url = jar:file:/private/var/folders/3k/zp1jhn5x4t7cx84fblxgbdvc0000gn/T/metals27941739561347413/sbt-launch.jar!/org/apache/ivy/core/settings/ivysettings.xml
2022.02.28 17:11:56 ERROR :: loading settings :: url = jar:file:/private/var/folders/3k/zp1jhn5x4t7cx84fblxgbdvc0000gn/T/metals27941739561347413/sbt-launch.jar!/org/apache/ivy/core/settings/ivysettings.xml
2022.02.28 17:11:56 ERROR downloading https://repo1.maven.org/maven2/org/scala-sbt/collections_2.12/1.5.0/collections_2.12-1.5.0.jar ...
2022.02.28 17:11:56 ERROR downloading https://repo1.maven.org/maven2/org/scala-sbt/command_2.12/1.5.0/command_2.12-1.5.0.jar ...
2022.02.28 17:11:56 ERROR 	[SUCCESSFUL ] org.scala-sbt#run_2.12;1.5.0!run_2.12.jar (441ms)
2022.02.28 17:11:56 ERROR downloading https://repo1.maven.org/maven2/org/scala-sbt/scripted-plugin_2.12/1.5.0/scripted-plugin_2.12-1.5.0.jar ...
2022.02.28 17:11:56 ERROR 	[SUCCESSFUL ] org.scala-sbt#command_2.12;1.5.0!command_2.12.jar (299ms)
2022.02.28 17:11:56 ERROR downloading https://repo1.maven.org/maven2/org/scala-sbt/zinc-lm-integration_2.12/1.5.0/zinc-lm-integration_2.12-1.5.0.jar ...
2022.02.28 17:11:56 ERROR 	[SUCCESSFUL ] org.scala-sbt#scripted-plugin_2.12;1.5.0!scripted-plugin_2.12.jar (154ms)
2022.02.28 17:11:56 ERROR 	[SUCCESSFUL ] org.scala-sbt#logic_2.12;1.5.0!logic_2.12.jar (604ms)
2022.02.28 17:11:56 ERROR 	[SUCCESSFUL ] org.scala-sbt#zinc-lm-integration_2.12;1.5.0!zinc-lm-integration_2.12.jar (149ms)
2022.02.28 17:11:56 ERROR 	[SUCCESSFUL ] org.scala-sbt#sbt;1.5.0!sbt.jar (598ms)
2022.02.28 17:11:56 ERROR downloading https://repo1.maven.org/maven2/org/scala-sbt/util-logging_2.12/1.5.0/util-logging_2.12-1.5.0.jar ...
2022.02.28 17:11:56 ERROR downloading https://repo1.maven.org/maven2/org/scala-sbt/launcher-interface/1.3.0/launcher-interface-1.3.0.jar ...
2022.02.28 17:11:56 ERROR downloading https://repo1.maven.org/maven2/org/scala-sbt/compiler-interface/1.5.0/compiler-interface-1.5.0.jar ...
2022.02.28 17:11:56 ERROR downloading https://repo1.maven.org/maven2/org/scala-sbt/zinc-compile_2.12/1.5.0/zinc-compile_2.12-1.5.0.jar ...
2022.02.28 17:11:56 ERROR 	[SUCCESSFUL ] org.scala-sbt#actions_2.12;1.5.0!actions_2.12.jar (651ms)
2022.02.28 17:11:56 ERROR downloading https://repo1.maven.org/maven2/org/scala-sbt/util-relation_2.12/1.5.0/util-relation_2.12-1.5.0.jar ...
2022.02.28 17:11:56 ERROR 	[SUCCESSFUL ] org.scala-sbt#collections_2.12;1.5.0!collections_2.12.jar (511ms)
2022.02.28 17:11:56 ERROR downloading https://repo1.maven.org/maven2/org/scala-sbt/util-position_2.12/1.5.0/util-position_2.12-1.5.0.jar ...
2022.02.28 17:11:56 ERROR 	[SUCCESSFUL ] org.scala-sbt#main-settings_2.12;1.5.0!main-settings_2.12.jar (716ms)
2022.02.28 17:11:56 ERROR downloading https://repo1.maven.org/maven2/org/scala-sbt/completion_2.12/1.5.0/completion_2.12-1.5.0.jar ...
2022.02.28 17:11:56 ERROR 	[SUCCESSFUL ] org.scala-sbt#launcher-interface;1.3.0!launcher-interface.jar (116ms)
2022.02.28 17:11:56 ERROR downloading https://repo1.maven.org/maven2/org/scala-sbt/task-system_2.12/1.5.0/task-system_2.12-1.5.0.jar ...
2022.02.28 17:11:56 ERROR 	[SUCCESSFUL ] org.scala-sbt#zinc-compile_2.12;1.5.0!zinc-compile_2.12.jar (114ms)
2022.02.28 17:11:56 ERROR downloading https://repo1.maven.org/maven2/org/scala-sbt/tasks_2.12/1.5.0/tasks_2.12-1.5.0.jar ...
2022.02.28 17:11:56 ERROR 	[SUCCESSFUL ] org.scala-sbt#compiler-interface;1.5.0!compiler-interface.jar (172ms)
2022.02.28 17:11:56 ERROR downloading https://repo1.maven.org/maven2/org/scala-sbt/testing_2.12/1.5.0/testing_2.12-1.5.0.jar ...
2022.02.28 17:11:56 ERROR 	[SUCCESSFUL ] org.scala-sbt#util-position_2.12;1.5.0!util-position_2.12.jar (142ms)
2022.02.28 17:11:56 ERROR downloading https://repo1.maven.org/maven2/org/scala-sbt/util-tracking_2.12/1.5.0/util-tracking_2.12-1.5.0.jar ...
2022.02.28 17:11:56 ERROR 	[SUCCESSFUL ] org.scala-sbt#util-relation_2.12;1.5.0!util-relation_2.12.jar (238ms)
2022.02.28 17:11:56 ERROR 	[SUCCESSFUL ] org.scala-sbt#util-logging_2.12;1.5.0!util-logging_2.12.jar (273ms)
2022.02.28 17:11:56 ERROR downloading https://repo1.maven.org/maven2/org/scala-sbt/zinc-apiinfo_2.12/1.5.0/zinc-apiinfo_2.12-1.5.0.jar ...
2022.02.28 17:11:56 ERROR downloading https://repo1.maven.org/maven2/org/scala-sbt/zinc-classpath_2.12/1.5.0/zinc-classpath_2.12-1.5.0.jar ...
2022.02.28 17:11:56 ERROR 	[SUCCESSFUL ] org.scala-sbt#tasks_2.12;1.5.0!tasks_2.12.jar (168ms)
2022.02.28 17:11:56 ERROR downloading https://repo1.maven.org/maven2/org/scala-sbt/zinc_2.12/1.5.0/zinc_2.12-1.5.0.jar ...
2022.02.28 17:11:56 ERROR 	[SUCCESSFUL ] org.scala-sbt#completion_2.12;1.5.0!completion_2.12.jar (193ms)
2022.02.28 17:11:56 ERROR downloading https://repo1.maven.org/maven2/org/scala-sbt/util-control_2.12/1.5.0/util-control_2.12-1.5.0.jar ...
2022.02.28 17:11:56 ERROR 	[SUCCESSFUL ] org.scala-sbt#task-system_2.12;1.5.0!task-system_2.12.jar (172ms)
2022.02.28 17:11:56 ERROR downloading https://repo1.maven.org/maven2/org/scala-sbt/util-interface/1.5.0/util-interface-1.5.0.jar ...
2022.02.28 17:11:56 ERROR 	[SUCCESSFUL ] org.scala-sbt#util-tracking_2.12;1.5.0!util-tracking_2.12.jar (117ms)
2022.02.28 17:11:56 ERROR downloading https://repo1.maven.org/maven2/org/scala-sbt/core-macros_2.12/1.5.0/core-macros_2.12-1.5.0.jar ...
2022.02.28 17:11:56 ERROR 	[SUCCESSFUL ] org.scala-sbt#testing_2.12;1.5.0!testing_2.12.jar (140ms)
2022.02.28 17:11:56 ERROR downloading https://repo1.maven.org/maven2/org/scala-sbt/util-cache_2.12/1.5.0/util-cache_2.12-1.5.0.jar ...
2022.02.28 17:11:57 ERROR 	[SUCCESSFUL ] org.scala-sbt#util-control_2.12;1.5.0!util-control_2.12.jar (136ms)
2022.02.28 17:11:57 ERROR 	[SUCCESSFUL ] org.scala-sbt#zinc_2.12;1.5.0!zinc_2.12.jar (137ms)
2022.02.28 17:11:57 ERROR downloading https://repo1.maven.org/maven2/org/scala-sbt/test-agent/1.5.0/test-agent-1.5.0.jar ...
2022.02.28 17:11:57 ERROR downloading https://repo1.maven.org/maven2/org/scala-sbt/compiler-bridge_2.12/1.5.0/compiler-bridge_2.12-1.5.0.jar ...
2022.02.28 17:11:57 ERROR 	[SUCCESSFUL ] org.scala-sbt#zinc-classpath_2.12;1.5.0!zinc-classpath_2.12.jar (161ms)
2022.02.28 17:11:57 ERROR 	[SUCCESSFUL ] org.scala-sbt#util-interface;1.5.0!util-interface.jar (143ms)
2022.02.28 17:11:57 ERROR downloading https://repo1.maven.org/maven2/org/scala-sbt/zinc-classfile_2.12/1.5.0/zinc-classfile_2.12-1.5.0.jar ...
2022.02.28 17:11:57 ERROR 	[SUCCESSFUL ] org.scala-sbt#zinc-apiinfo_2.12;1.5.0!zinc-apiinfo_2.12.jar (177ms)
2022.02.28 17:11:57 ERROR downloading https://repo1.maven.org/maven2/org/scala-sbt/zinc-core_2.12/1.5.0/zinc-core_2.12-1.5.0.jar ...
2022.02.28 17:11:57 ERROR downloading https://repo1.maven.org/maven2/org/scala-sbt/zinc-persist_2.12/1.5.0/zinc-persist_2.12-1.5.0.jar ...
2022.02.28 17:11:57 ERROR 	[SUCCESSFUL ] org.scala-sbt#util-cache_2.12;1.5.0!util-cache_2.12.jar (145ms)
2022.02.28 17:11:57 ERROR downloading https://repo1.maven.org/maven2/org/scala-sbt/zinc-compile-core_2.12/1.5.0/zinc-compile-core_2.12-1.5.0.jar ...
2022.02.28 17:11:57 ERROR 	[SUCCESSFUL ] org.scala-sbt#core-macros_2.12;1.5.0!core-macros_2.12.jar (236ms)
2022.02.28 17:11:57 ERROR downloading https://repo1.maven.org/maven2/org/scala-sbt/zinc-persist-core-assembly/1.5.0/zinc-persist-core-assembly-1.5.0.jar ...
2022.02.28 17:11:57 ERROR 	[SUCCESSFUL ] org.scala-sbt#test-agent;1.5.0!test-agent.jar (219ms)
2022.02.28 17:11:57 ERROR downloading https://repo1.maven.org/maven2/org/scala-sbt/protocol_2.12/1.5.0/protocol_2.12-1.5.0.jar ...
2022.02.28 17:11:57 ERROR 	[SUCCESSFUL ] org.scala-sbt#zinc-classfile_2.12;1.5.0!zinc-classfile_2.12.jar (256ms)
2022.02.28 17:11:57 ERROR 	[SUCCESSFUL ] org.scala-sbt#zinc-compile-core_2.12;1.5.0!zinc-compile-core_2.12.jar (403ms)
2022.02.28 17:11:57 ERROR 	[SUCCESSFUL ] org.scala-sbt#zinc-persist_2.12;1.5.0!zinc-persist_2.12.jar (450ms)
2022.02.28 17:11:57 ERROR 	[SUCCESSFUL ] org.scala-sbt#main_2.12;1.5.0!main_2.12.jar (1548ms)
2022.02.28 17:11:57 ERROR 	[SUCCESSFUL ] org.scala-sbt#compiler-bridge_2.12;1.5.0!compiler-bridge_2.12.jar (578ms)
2022.02.28 17:11:57 ERROR 	[SUCCESSFUL ] org.scala-sbt#zinc-core_2.12;1.5.0!zinc-core_2.12.jar (558ms)
2022.02.28 17:11:57 ERROR 	[SUCCESSFUL ] org.scala-sbt#protocol_2.12;1.5.0!protocol_2.12.jar (401ms)
2022.02.28 17:11:57 ERROR 	[SUCCESSFUL ] org.scala-sbt#zinc-persist-core-assembly;1.5.0!zinc-persist-core-assembly.jar (542ms)
2022.02.28 17:11:57 ERROR :: retrieving :: org.scala-sbt#boot-app
2022.02.28 17:11:57 ERROR 	confs: [default]
2022.02.28 17:11:57 ERROR 	83 artifacts copied, 0 already retrieved
2022.02.28 17:12:00 INFO  [info] welcome to sbt 1.5.0 (AdoptOpenJDK Java 1.8.0_292)
2022.02.28 17:12:04 INFO  [info] loading settings for project democracy-build-build-build from metals.sbt ...
2022.02.28 17:12:06 INFO  [info] loading project definition from /Users/kostas/Library/CloudStorage/OneDrive-Personal/Scala/democracy/project/project/project
2022.02.28 17:12:10 INFO  [info] loading settings for project democracy-build-build from metals.sbt ...
2022.02.28 17:12:10 INFO  [info] loading project definition from /Users/kostas/Library/CloudStorage/OneDrive-Personal/Scala/democracy/project/project
2022.02.28 17:12:17 INFO  [success] Generated .bloop/democracy-build-build.json
2022.02.28 17:12:17 INFO  [success] Total time: 7 s, completed 28-Feb-2022 17:12:18
2022.02.28 17:12:21 INFO  [info] loading settings for project democracy-build from buildSettings.sbt,metals.sbt,plugins.sbt ...
2022.02.28 17:12:21 INFO  [info] loading project definition from /Users/kostas/Library/CloudStorage/OneDrive-Personal/Scala/democracy/project
2022.02.28 17:12:24 INFO  [success] Generated .bloop/democracy-build.json
2022.02.28 17:12:24 INFO  [info] compiling 2 Scala sources to /Users/kostas/Library/CloudStorage/OneDrive-Personal/Scala/democracy/project/target/scala-2.12/sbt-1.0/classes ...
2022.02.28 17:12:24 INFO  [info] Non-compiled module 'compiler-bridge_2.12' for Scala 2.12.13. Compiling...
2022.02.28 17:12:50 INFO  [info]   Compilation completed in 25.728s.
2022.02.28 17:12:58 INFO  [info] done compiling
2022.02.28 17:12:58 INFO  [success] Total time: 37 s, completed 28-Feb-2022 17:12:58
2022.02.28 17:13:03 INFO  [info] loading settings for project democracy from assignment.sbt,build.sbt ...
2022.02.28 17:13:03 INFO  [info] set current project to effective-scala-democracy (in build file:/Users/kostas/Library/CloudStorage/OneDrive-Personal/Scala/democracy/)
2022.02.28 17:13:04 INFO  [warn] there's a key that's not used by any other settings/tasks:
2022.02.28 17:13:04 INFO  [warn]  
2022.02.28 17:13:04 INFO  [warn] * democracy / assignmentVersion
2022.02.28 17:13:04 INFO  [warn]   +- /Users/kostas/Library/CloudStorage/OneDrive-Personal/Scala/democracy/assignment.sbt:4
2022.02.28 17:13:04 INFO  [warn]  
2022.02.28 17:13:04 INFO  [warn] note: a setting might still be used by a command; to exclude a key from this `lintUnused` check
2022.02.28 17:13:04 INFO  [warn] either append it to `Global / excludeLintKeys` or call .withRank(KeyRanks.Invisible) on the key
2022.02.28 17:13:05 INFO  [success] Generated .bloop/democracy.json
2022.02.28 17:13:05 INFO  [success] Generated .bloop/democracy-test.json
2022.02.28 17:13:05 INFO  [success] Total time: 1 s, completed 28-Feb-2022 17:13:05
2022.02.28 17:13:05 INFO  time: ran 'sbt bloopInstall' in 1m17s
2022.02.28 17:13:05 INFO  Attempting to connect to the build server...
2022.02.28 17:13:05 INFO  tracing is disabled for protocol BSP, to enable tracing of incoming and outgoing JSON messages create an empty file at /Users/kostas/Library/CloudStorage/OneDrive-Personal/Scala/democracy/.metals/bsp.trace.json or /Users/kostas/Library/Caches/org.scalameta.metals/bsp.trace.json
2022.02.28 17:13:05 INFO  Attempting to connect to the build server...
2022.02.28 17:13:05 INFO  Attempting to connect to the build server...
2022.02.28 17:13:05 INFO  tracing is disabled for protocol BSP, to enable tracing of incoming and outgoing JSON messages create an empty file at /Users/kostas/Library/CloudStorage/OneDrive-Personal/Scala/democracy/project/project/.metals/bsp.trace.json or /Users/kostas/Library/Caches/org.scalameta.metals/bsp.trace.json
2022.02.28 17:13:06 INFO  tracing is disabled for protocol BSP, to enable tracing of incoming and outgoing JSON messages create an empty file at /Users/kostas/Library/CloudStorage/OneDrive-Personal/Scala/democracy/project/.metals/bsp.trace.json or /Users/kostas/Library/Caches/org.scalameta.metals/bsp.trace.json
2022.02.28 17:13:06 INFO  time: Connected to build server in 0.62s
2022.02.28 17:13:06 INFO  Connected to Build server: Bloop v1.4.12
2022.02.28 17:13:06 INFO  time: Imported build in 0.33s
2022.02.28 17:13:12 INFO  time: indexed workspace in 5.74s
2022.02.28 17:13:18 INFO  compiling democracy (1 scala source)
2022.02.28 17:13:24 INFO  time: compiled democracy in 6.9s
2022.02.28 20:28:04 WARN  no build target for: /Users/kostas/Library/CloudStorage/OneDrive-Personal/Scala/democracy/project/project/metals.sbt
2022.02.28 20:28:04 INFO  skipping build import with status 'Installed'
2022.02.28 20:28:04 INFO  compiling democracy-build (2 scala sources)
2022.02.28 20:28:04 INFO  Non-compiled module 'compiler-bridge_2.12' for Scala 2.12.13. Compiling...
2022.02.28 20:28:36 INFO    Compilation completed in 31.418s.
2022.02.28 20:28:50 INFO  time: compiled democracy-build in 45s
